4: read
    (5 read (print "Factorial of:"))
11: error
    (12 error (print "Invalid input."))
18: letfac
    (19 letfac (let factorial 1))
20: loop
    (21 loop (if (> itor x) prt))
24: prt
    (25 prt (print "factorial(" x ") = " factorial))
31: stop
    (32 stop (print "Program stopping."))
Factorial of:
factorial(1) = 1
Factorial of:
factorial(42) = 1405006117752879898543142606244511569936384000000000
Factorial of:
factorial(69) = 171122452428141311372468338881272839092270544893520369393648040923257279754140647424000000000000000
Factorial of:
factorial(107) = 12265202031961379393517517010387338887131568154382945052653251412013535324922144249034658613287059061933743916719318560380966506520420000368175349760000000000000000000000000
Factorial of:
Program stopping.
